<ShowPlanXML xmlns="http://schemas.microsoft.com/sqlserver/2004/07/showplan" Version="1.539" Build="15.0.4073.23"><BatchSequence><Batch><Statements><StmtSimple StatementText="&#xa;    WITH &#xa;    prev_result_view &#xa;    AS &#xa;    (select Top 1 * from title where title.id &gt; 10000)&#xa;    select * from prev_result_view, movie_info_idx WITH (INDEX(0), FORCESCAN) where movie_info_idx.movie_id = prev_result_view.id and movie_info_idx.id &gt; 0 OPTION (HASH JOIN)" StatementId="1" StatementCompId="1" StatementType="SELECT" RetrievedFromCache="false" StatementSubTreeCost="4.09866" StatementEstRows="8.51485" SecurityPolicyApplied="false" StatementOptmLevel="FULL" QueryHash="0x57EE7BDF8A7033F6" QueryPlanHash="0xA3226D9E66D86FCF" CardinalityEstimationModelVersion="150"><StatementSetOptions QUOTED_IDENTIFIER="true" ARITHABORT="false" CONCAT_NULL_YIELDS_NULL="true" ANSI_NULLS="true" ANSI_PADDING="true" ANSI_WARNINGS="true" NUMERIC_ROUNDABORT="false"></StatementSetOptions><QueryPlan CachedPlanSize="80" CompileTime="4" CompileCPU="4" CompileMemory="400"><ThreadStat Branches="2"></ThreadStat><MemoryGrantInfo SerialRequiredMemory="1024" SerialDesiredMemory="3856" GrantedMemory="0" MaxUsedMemory="0"></MemoryGrantInfo><OptimizerHardwareDependentProperties EstimatedAvailableMemoryGrant="659488" EstimatedPagesCached="2637952" EstimatedAvailableDegreeOfParallelism="32" MaxCompileMemory="300557560"></OptimizerHardwareDependentProperties><OptimizerStatsUsage><StatisticsInfo LastUpdate="2020-11-21T04:26:42.39" ModificationCount="0" SamplingPercent="23.5134" Statistics="[PK__movie_in__3213E83F1769E3AB]" Table="[movie_info_idx]" Schema="[dbo]" Database="[imdb]"></StatisticsInfo><StatisticsInfo LastUpdate="2020-11-21T02:19:40.79" ModificationCount="0" SamplingPercent="4.3481" Statistics="[PK__title__3213E83FE1B7AB6B]" Table="[title]" Schema="[dbo]" Database="[imdb]"></StatisticsInfo><StatisticsInfo LastUpdate="2020-11-21T02:19:40.42" ModificationCount="0" SamplingPercent="23.5134" Statistics="[_WA_Sys_00000002_7EF6D905]" Table="[movie_info_idx]" Schema="[dbo]" Database="[imdb]"></StatisticsInfo></OptimizerStatsUsage><RelOp NodeId="0" PhysicalOp="Parallelism" LogicalOp="Gather Streams" EstimateRows="8.51485" EstimateIO="0" EstimateCPU="0.0285747" AvgRowSize="954" EstimatedTotalSubtreeCost="4.09866" Parallel="1" EstimateRebinds="0" EstimateRewinds="0" EstimatedExecutionMode="Row"><OutputList><ColumnReference Database="[imdb]" Schema="[dbo]" Table="[title]" Column="id"></ColumnReference><ColumnReference Database="[imdb]" Schema="[dbo]" Table="[title]" Column="title"></ColumnReference><ColumnReference Database="[imdb]" Schema="[dbo]" Table="[title]" Column="imdb_index"></ColumnReference><ColumnReference Database="[imdb]" Schema="[dbo]" Table="[title]" Column="kind_id"></ColumnReference><ColumnReference Database="[imdb]" Schema="[dbo]" Table="[title]" Column="production_year"></ColumnReference><ColumnReference Database="[imdb]" Schema="[dbo]" Table="[title]" Column="imdb_id"></ColumnReference><ColumnReference Database="[imdb]" Schema="[dbo]" Table="[title]" Column="phonetic_code"></ColumnReference><ColumnReference Database="[imdb]" Schema="[dbo]" Table="[title]" Column="episode_of_id"></ColumnReference><ColumnReference Database="[imdb]" Schema="[dbo]" Table="[title]" Column="season_nr"></ColumnReference><ColumnReference Database="[imdb]" Schema="[dbo]" Table="[title]" Column="episode_nr"></ColumnReference><ColumnReference Database="[imdb]" Schema="[dbo]" Table="[title]" Column="series_years"></ColumnReference><ColumnReference Database="[imdb]" Schema="[dbo]" Table="[title]" Column="md5sum"></ColumnReference><ColumnReference Database="[imdb]" Schema="[dbo]" Table="[movie_info_idx]" Column="id"></ColumnReference><ColumnReference Database="[imdb]" Schema="[dbo]" Table="[movie_info_idx]" Column="movie_id"></ColumnReference><ColumnReference Database="[imdb]" Schema="[dbo]" Table="[movie_info_idx]" Column="info_type_id"></ColumnReference><ColumnReference Database="[imdb]" Schema="[dbo]" Table="[movie_info_idx]" Column="info"></ColumnReference><ColumnReference Database="[imdb]" Schema="[dbo]" Table="[movie_info_idx]" Column="note"></ColumnReference></OutputList><Parallelism><RelOp NodeId="1" PhysicalOp="Hash Match" LogicalOp="Inner Join" EstimateRows="8.51485" EstimateIO="0" EstimateCPU="0.214832" AvgRowSize="954" EstimatedTotalSubtreeCost="4.07008" Parallel="1" EstimateRebinds="0" EstimateRewinds="0" EstimatedExecutionMode="Row"><OutputList><ColumnReference Database="[imdb]" Schema="[dbo]" Table="[title]" Column="id"></ColumnReference><ColumnReference Database="[imdb]" Schema="[dbo]" Table="[title]" Column="title"></ColumnReference><ColumnReference Database="[imdb]" Schema="[dbo]" Table="[title]" Column="imdb_index"></ColumnReference><ColumnReference Database="[imdb]" Schema="[dbo]" Table="[title]" Column="kind_id"></ColumnReference><ColumnReference Database="[imdb]" Schema="[dbo]" Table="[title]" Column="production_year"></ColumnReference><ColumnReference Database="[imdb]" Schema="[dbo]" Table="[title]" Column="imdb_id"></ColumnReference><ColumnReference Database="[imdb]" Schema="[dbo]" Table="[title]" Column="phonetic_code"></ColumnReference><ColumnReference Database="[imdb]" Schema="[dbo]" Table="[title]" Column="episode_of_id"></ColumnReference><ColumnReference Database="[imdb]" Schema="[dbo]" Table="[title]" Column="season_nr"></ColumnReference><ColumnReference Database="[imdb]" Schema="[dbo]" Table="[title]" Column="episode_nr"></ColumnReference><ColumnReference Database="[imdb]" Schema="[dbo]" Table="[title]" Column="series_years"></ColumnReference><ColumnReference Database="[imdb]" Schema="[dbo]" Table="[title]" Column="md5sum"></ColumnReference><ColumnReference Database="[imdb]" Schema="[dbo]" Table="[movie_info_idx]" Column="id"></ColumnReference><ColumnReference Database="[imdb]" Schema="[dbo]" Table="[movie_info_idx]" Column="movie_id"></ColumnReference><ColumnReference Database="[imdb]" Schema="[dbo]" Table="[movie_info_idx]" Column="info_type_id"></ColumnReference><ColumnReference Database="[imdb]" Schema="[dbo]" Table="[movie_info_idx]" Column="info"></ColumnReference><ColumnReference Database="[imdb]" Schema="[dbo]" Table="[movie_info_idx]" Column="note"></ColumnReference></OutputList><MemoryFractions Input="1" Output="1"></MemoryFractions><Hash><DefinedValues></DefinedValues><HashKeysBuild><ColumnReference Database="[imdb]" Schema="[dbo]" Table="[title]" Column="id"></ColumnReference></HashKeysBuild><HashKeysProbe><ColumnReference Database="[imdb]" Schema="[dbo]" Table="[movie_info_idx]" Column="movie_id"></ColumnReference></HashKeysProbe><RelOp NodeId="2" PhysicalOp="Bitmap" LogicalOp="Bitmap Create" EstimateRows="1" EstimateIO="0" EstimateCPU="0.0285536" AvgRowSize="683" EstimatedTotalSubtreeCost="0.0318368" Parallel="1" EstimateRebinds="0" EstimateRewinds="0" EstimatedExecutionMode="Row"><OutputList><ColumnReference Database="[imdb]" Schema="[dbo]" Table="[title]" Column="id"></ColumnReference><ColumnReference Database="[imdb]" Schema="[dbo]" Table="[title]" Column="title"></ColumnReference><ColumnReference Database="[imdb]" Schema="[dbo]" Table="[title]" Column="imdb_index"></ColumnReference><ColumnReference Database="[imdb]" Schema="[dbo]" Table="[title]" Column="kind_id"></ColumnReference><ColumnReference Database="[imdb]" Schema="[dbo]" Table="[title]" Column="production_year"></ColumnReference><ColumnReference Database="[imdb]" Schema="[dbo]" Table="[title]" Column="imdb_id"></ColumnReference><ColumnReference Database="[imdb]" Schema="[dbo]" Table="[title]" Column="phonetic_code"></ColumnReference><ColumnReference Database="[imdb]" Schema="[dbo]" Table="[title]" Column="episode_of_id"></ColumnReference><ColumnReference Database="[imdb]" Schema="[dbo]" Table="[title]" Column="season_nr"></ColumnReference><ColumnReference Database="[imdb]" Schema="[dbo]" Table="[title]" Column="episode_nr"></ColumnReference><ColumnReference Database="[imdb]" Schema="[dbo]" Table="[title]" Column="series_years"></ColumnReference><ColumnReference Database="[imdb]" Schema="[dbo]" Table="[title]" Column="md5sum"></ColumnReference></OutputList><Bitmap><DefinedValues><DefinedValue><ColumnReference Column="Bitmap1005"></ColumnReference></DefinedValue></DefinedValues><HashKeys><ColumnReference Database="[imdb]" Schema="[dbo]" Table="[title]" Column="id"></ColumnReference></HashKeys><RelOp NodeId="3" PhysicalOp="Parallelism" LogicalOp="Distribute Streams" EstimateRows="1" EstimateIO="0" EstimateCPU="0.0285536" AvgRowSize="683" EstimatedTotalSubtreeCost="0.0318368" Parallel="1" EstimateRebinds="0" EstimateRewinds="0" EstimatedExecutionMode="Row"><OutputList><ColumnReference Database="[imdb]" Schema="[dbo]" Table="[title]" Column="id"></ColumnReference><ColumnReference Database="[imdb]" Schema="[dbo]" Table="[title]" Column="title"></ColumnReference><ColumnReference Database="[imdb]" Schema="[dbo]" Table="[title]" Column="imdb_index"></ColumnReference><ColumnReference Database="[imdb]" Schema="[dbo]" Table="[title]" Column="kind_id"></ColumnReference><ColumnReference Database="[imdb]" Schema="[dbo]" Table="[title]" Column="production_year"></ColumnReference><ColumnReference Database="[imdb]" Schema="[dbo]" Table="[title]" Column="imdb_id"></ColumnReference><ColumnReference Database="[imdb]" Schema="[dbo]" Table="[title]" Column="phonetic_code"></ColumnReference><ColumnReference Database="[imdb]" Schema="[dbo]" Table="[title]" Column="episode_of_id"></ColumnReference><ColumnReference Database="[imdb]" Schema="[dbo]" Table="[title]" Column="season_nr"></ColumnReference><ColumnReference Database="[imdb]" Schema="[dbo]" Table="[title]" Column="episode_nr"></ColumnReference><ColumnReference Database="[imdb]" Schema="[dbo]" Table="[title]" Column="series_years"></ColumnReference><ColumnReference Database="[imdb]" Schema="[dbo]" Table="[title]" Column="md5sum">
</ColumnReference>
</OutputList>
<Parallelism PartitioningType="Broadcast">

<RelOp NodeId="4" PhysicalOp="Top" LogicalOp="Top" EstimateRows="1" EstimateIO="0" EstimateCPU="1e-07" AvgRowSize="683" EstimatedTotalSubtreeCost="0.0032832" Parallel="0" EstimateRebinds="0" EstimateRewinds="0" EstimatedExecutionMode="Row"><OutputList><ColumnReference Database="[imdb]" Schema="[dbo]" Table="[title]" Column="id"></ColumnReference><ColumnReference Database="[imdb]" Schema="[dbo]" Table="[title]" Column="title"></ColumnReference><ColumnReference Database="[imdb]" Schema="[dbo]" Table="[title]" Column="imdb_index"></ColumnReference><ColumnReference Database="[imdb]" Schema="[dbo]" Table="[title]" Column="kind_id"></ColumnReference><ColumnReference Database="[imdb]" Schema="[dbo]" Table="[title]" Column="production_year"></ColumnReference><ColumnReference Database="[imdb]" Schema="[dbo]" Table="[title]" Column="imdb_id"></ColumnReference><ColumnReference Database="[imdb]" Schema="[dbo]" Table="[title]" Column="phonetic_code"></ColumnReference><ColumnReference Database="[imdb]" Schema="[dbo]" Table="[title]" Column="episode_of_id"></ColumnReference><ColumnReference Database="[imdb]" Schema="[dbo]" Table="[title]" Column="season_nr"></ColumnReference><ColumnReference Database="[imdb]" Schema="[dbo]" Table="[title]" Column="episode_nr"></ColumnReference><ColumnReference Database="[imdb]" Schema="[dbo]" Table="[title]" Column="series_years"></ColumnReference><ColumnReference Database="[imdb]" Schema="[dbo]" Table="[title]" Column="md5sum"></ColumnReference></OutputList><Top RowCount="0" IsPercent="0" WithTies="0"><TopExpression><ScalarOperator ScalarString="(1)"><Const ConstValue="(1)"></Const></ScalarOperator></TopExpression><RelOp NodeId="5" PhysicalOp="Clustered Index Seek" LogicalOp="Clustered Index Seek" EstimateRows="1" EstimateRowsWithoutRowGoal="2.47635e+06" EstimatedRowsRead="2.47635e+06" EstimateIO="33.6913" EstimateCPU="2.72414" AvgRowSize="683" EstimatedTotalSubtreeCost="0.0032831" TableCardinality="2.48536e+06" Parallel="0" EstimateRebinds="0" EstimateRewinds="0" EstimatedExecutionMode="Row"><OutputList><ColumnReference Database="[imdb]" Schema="[dbo]" Table="[title]" Column="id"></ColumnReference><ColumnReference Database="[imdb]" Schema="[dbo]" Table="[title]" Column="title"></ColumnReference><ColumnReference Database="[imdb]" Schema="[dbo]" Table="[title]" Column="imdb_index"></ColumnReference><ColumnReference Database="[imdb]" Schema="[dbo]" Table="[title]" Column="kind_id"></ColumnReference><ColumnReference Database="[imdb]" Schema="[dbo]" Table="[title]" Column="production_year"></ColumnReference><ColumnReference Database="[imdb]" Schema="[dbo]" Table="[title]" Column="imdb_id"></ColumnReference><ColumnReference Database="[imdb]" Schema="[dbo]" Table="[title]" Column="phonetic_code"></ColumnReference><ColumnReference Database="[imdb]" Schema="[dbo]" Table="[title]" Column="episode_of_id"></ColumnReference><ColumnReference Database="[imdb]" Schema="[dbo]" Table="[title]" Column="season_nr"></ColumnReference><ColumnReference Database="[imdb]" Schema="[dbo]" Table="[title]" Column="episode_nr"></ColumnReference><ColumnReference Database="[imdb]" Schema="[dbo]" Table="[title]" Column="series_years"></ColumnReference><ColumnReference Database="[imdb]" Schema="[dbo]" Table="[title]" Column="md5sum"></ColumnReference></OutputList>
<IndexScan Ordered="1" ScanDirection="FORWARD" ForcedIndex="0" ForceSeek="0" ForceScan="0" NoExpandHint="0" Storage="RowStore"><DefinedValues><DefinedValue><ColumnReference Database="[imdb]" Schema="[dbo]" Table="[title]" Column="id"></ColumnReference></DefinedValue><DefinedValue><ColumnReference Database="[imdb]" Schema="[dbo]" Table="[title]" Column="title"></ColumnReference></DefinedValue><DefinedValue><ColumnReference Database="[imdb]" Schema="[dbo]" Table="[title]" Column="imdb_index"></ColumnReference></DefinedValue><DefinedValue><ColumnReference Database="[imdb]" Schema="[dbo]" Table="[title]" Column="kind_id"></ColumnReference></DefinedValue><DefinedValue><ColumnReference Database="[imdb]" Schema="[dbo]" Table="[title]" Column="production_year"></ColumnReference></DefinedValue><DefinedValue><ColumnReference Database="[imdb]" Schema="[dbo]" Table="[title]" Column="imdb_id"></ColumnReference></DefinedValue><DefinedValue><ColumnReference Database="[imdb]" Schema="[dbo]" Table="[title]" Column="phonetic_code"></ColumnReference></DefinedValue><DefinedValue><ColumnReference Database="[imdb]" Schema="[dbo]" Table="[title]" Column="episode_of_id"></ColumnReference></DefinedValue><DefinedValue><ColumnReference Database="[imdb]" Schema="[dbo]" Table="[title]" Column="season_nr"></ColumnReference></DefinedValue><DefinedValue><ColumnReference Database="[imdb]" Schema="[dbo]" Table="[title]" Column="episode_nr"></ColumnReference></DefinedValue><DefinedValue><ColumnReference Database="[imdb]" Schema="[dbo]" Table="[title]" Column="series_years"></ColumnReference></DefinedValue><DefinedValue><ColumnReference Database="[imdb]" Schema="[dbo]" Table="[title]" Column="md5sum"></ColumnReference></DefinedValue></DefinedValues><Object Database="[imdb]" Schema="[dbo]" Table="[title]" Index="[PK__title__3213E83FE1B7AB6B]" IndexKind="Clustered" Storage="RowStore"></Object><SeekPredicates><SeekPredicateNew><SeekKeys><StartRange ScanType="GT"><RangeColumns><ColumnReference Database="[imdb]" Schema="[dbo]" Table="[title]" Column="id"></ColumnReference></RangeColumns><RangeExpressions><ScalarOperator ScalarString="(10000)"><Const ConstValue="(10000)"></Const></ScalarOperator></RangeExpressions></StartRange></SeekKeys></SeekPredicateNew></SeekPredicates></IndexScan></RelOp></Top></RelOp></Parallelism></RelOp></Bitmap></RelOp><RelOp NodeId="6" PhysicalOp="Clustered Index Scan" LogicalOp="Clustered Index Scan" EstimateRows="1.37838e+06" EstimatedRowsRead="1.38004e+06" EstimateIO="3.73802" EstimateCPU="0.0474412" AvgRowSize="279" EstimatedTotalSubtreeCost="3.78546" TableCardinality="1.38004e+06" Parallel="1" EstimateRebinds="0" EstimateRewinds="0" EstimatedExecutionMode="Row"><OutputList><ColumnReference Database="[imdb]" Schema="[dbo]" Table="[movie_info_idx]" Column="id"></ColumnReference><ColumnReference Database="[imdb]" Schema="[dbo]" Table="[movie_info_idx]" Column="movie_id"></ColumnReference><ColumnReference Database="[imdb]" Schema="[dbo]" Table="[movie_info_idx]" Column="info_type_id"></ColumnReference><ColumnReference Database="[imdb]" Schema="[dbo]" Table="[movie_info_idx]" Column="info"></ColumnReference><ColumnReference Database="[imdb]" Schema="[dbo]" Table="[movie_info_idx]" Column="note"></ColumnReference></OutputList><IndexScan Ordered="0" ForcedIndex="1" ForceScan="1" NoExpandHint="0" Storage="RowStore"><DefinedValues><DefinedValue><ColumnReference Database="[imdb]" Schema="[dbo]" Table="[movie_info_idx]" Column="id"></ColumnReference></DefinedValue><DefinedValue><ColumnReference Database="[imdb]" Schema="[dbo]" Table="[movie_info_idx]" Column="movie_id"></ColumnReference></DefinedValue><DefinedValue><ColumnReference Database="[imdb]" Schema="[dbo]" Table="[movie_info_idx]" Column="info_type_id"></ColumnReference></DefinedValue><DefinedValue><ColumnReference Database="[imdb]" Schema="[dbo]" Table="[movie_info_idx]" Column="info"></ColumnReference></DefinedValue><DefinedValue><ColumnReference Database="[imdb]" Schema="[dbo]" Table="[movie_info_idx]" Column="note"></ColumnReference></DefinedValue></DefinedValues><Object Database="[imdb]" Schema="[dbo]" Table="[movie_info_idx]" Index="[PK__movie_in__3213E83F1769E3AB]" IndexKind="Clustered" Storage="RowStore"></Object><Predicate><ScalarOperator ScalarString="[imdb].[dbo].[movie_info_idx].[movie_id]&gt;(10000) AND [imdb].[dbo].[movie_info_idx].[id]&gt;(0) AND PROBE([Bitmap1005],[imdb].[dbo].[movie_info_idx].[movie_id],N&apos;[IN ROW]&apos;)"><Logical Operation="AND"><ScalarOperator><Logical Operation="AND"><ScalarOperator><Compare CompareOp="GT"><ScalarOperator><Identifier><ColumnReference Database="[imdb]" Schema="[dbo]" Table="[movie_info_idx]" Column="movie_id"></ColumnReference></Identifier></ScalarOperator><ScalarOperator><Const ConstValue="(10000)"></Const></ScalarOperator></Compare></ScalarOperator><ScalarOperator><Compare CompareOp="GT"><ScalarOperator><Identifier><ColumnReference Database="[imdb]" Schema="[dbo]" Table="[movie_info_idx]" Column="id"></ColumnReference></Identifier></ScalarOperator><ScalarOperator><Const ConstValue="(0)"></Const></ScalarOperator></Compare></ScalarOperator></Logical></ScalarOperator><ScalarOperator><Intrinsic FunctionName="PROBE"><ScalarOperator><Identifier><ColumnReference Column="Bitmap1005"></ColumnReference></Identifier></ScalarOperator><ScalarOperator><Identifier><ColumnReference Database="[imdb]" Schema="[dbo]" Table="[movie_info_idx]" Column="movie_id"></ColumnReference></Identifier></ScalarOperator><ScalarOperator><Const ConstValue="N&apos;[IN ROW]&apos;"></Const></ScalarOperator></Intrinsic></ScalarOperator></Logical></ScalarOperator></Predicate></IndexScan></RelOp></Hash></RelOp></Parallelism></RelOp></QueryPlan></StmtSimple></Statements></Batch></BatchSequence></ShowPlanXML>